This is pdfTeX, Version 3.141592653-2.6-1.40.25 (MiKTeX 24.1) (preloaded format=pdflatex 2025.1.3)  30 JAN 2025 22:36
entering extended mode
 restricted \write18 enabled.
 %&-line parsing enabled.
**C:/Users/USUARIO/Documents/2024-tfg-lara-poves/memoria/memoria.tex
(C:/Users/USUARIO/Documents/2024-tfg-lara-poves/memoria/memoria.tex
LaTeX2e <2023-11-01> patch level 1
L3 programming layer <2024-01-04>
(C:/Users/USUARIO/Documents/2024-tfg-lara-poves/memoria\estilo.tex
(C:\Users\USUARIO\AppData\Local\Programs\MiKTeX\tex/latex/base\book.cls
Document Class: book 2023/05/17 v1.4n Standard LaTeX document class
(C:\Users\USUARIO\AppData\Local\Programs\MiKTeX\tex/latex/base\bk12.clo
File: bk12.clo 2023/05/17 v1.4n Standard LaTeX file (size option)
)
\c@part=\count187
\c@chapter=\count188
\c@section=\count189
\c@subsection=\count190
\c@subsubsection=\count191
\c@paragraph=\count192
\c@subparagraph=\count193
\c@figure=\count194
\c@table=\count195
\abovecaptionskip=\skip48
\belowcaptionskip=\skip49
\bibindent=\dimen140
)
(C:\Users\USUARIO\AppData\Local\Programs\MiKTeX\tex/generic/babel\babel.sty
Package: babel 2024/01/07 v24.1 The Babel package
\babel@savecnt=\count196
\U@D=\dimen141
\l@unhyphenated=\language79

(C:\Users\USUARIO\AppData\Local\Programs\MiKTeX\tex/generic/babel\txtbabel.def)
\bbl@readstream=\read2
\bbl@dirlevel=\count197
*************************************
* Local config file bblopts.cfg used
*
(C:\Users\USUARIO\AppData\Local\Programs\MiKTeX\tex/latex/arabi\bblopts.cfg
File: bblopts.cfg 2005/09/08 v0.1 add Arabic and Farsi to "declared" options of
 babel
)
(C:\Users\USUARIO\AppData\Local\Programs\MiKTeX\tex/latex/babel-spanish\spanish
.ldf
Language: spanish.ldf 2021/05/27 v5.0q Spanish support from the babel system
\es@quottoks=\toks17
\es@quotdepth=\count198
Package babel Info: Making " an active character on input line 570.
Package babel Info: Making . an active character on input line 675.
Package babel Info: Making < an active character on input line 722.
Package babel Info: Making > an active character on input line 722.
))
(C:\Users\USUARIO\AppData\Local\Programs\MiKTeX\tex/generic/babel/locale/es\bab
el-spanish.tex
Package babel Info: Importing font and identification data for spanish
(babel)             from babel-es.ini. Reported on input line 11.
)
(C:\Users\USUARIO\AppData\Local\Programs\MiKTeX\tex/latex/base\inputenc.sty
Package: inputenc 2021/02/14 v1.3d Input encoding file
\inpenc@prehook=\toks18
\inpenc@posthook=\toks19
)
(C:\Users\USUARIO\AppData\Local\Programs\MiKTeX\tex/latex/geometry\geometry.sty
Package: geometry 2020/01/02 v5.9 Page Geometry
(C:\Users\USUARIO\AppData\Local\Programs\MiKTeX\tex/latex/graphics\keyval.sty
Package: keyval 2022/05/29 v1.15 key=value parser (DPC)
\KV@toks@=\toks20
)
(C:\Users\USUARIO\AppData\Local\Programs\MiKTeX\tex/generic/iftex\ifvtex.sty
Package: ifvtex 2019/10/25 v1.7 ifvtex legacy package. Use iftex instead.

(C:\Users\USUARIO\AppData\Local\Programs\MiKTeX\tex/generic/iftex\iftex.sty
Package: iftex 2022/02/03 v1.0f TeX engine tests
))
\Gm@cnth=\count199
\Gm@cntv=\count266
\c@Gm@tempcnt=\count267
\Gm@bindingoffset=\dimen142
\Gm@wd@mp=\dimen143
\Gm@odd@mp=\dimen144
\Gm@even@mp=\dimen145
\Gm@layoutwidth=\dimen146
\Gm@layoutheight=\dimen147
\Gm@layouthoffset=\dimen148
\Gm@layoutvoffset=\dimen149
\Gm@dimlist=\toks21

(C:\Users\USUARIO\AppData\Local\Programs\MiKTeX\tex/latex/geometry\geometry.cfg
)) (C:\Users\USUARIO\AppData\Local\Programs\MiKTeX\tex/latex/base\makeidx.sty
Package: makeidx 2021/10/04 v1.0m Standard LaTeX package
)
(C:\Users\USUARIO\AppData\Local\Programs\MiKTeX\tex/latex/url\url.sty
\Urlmuskip=\muskip16
Package: url 2013/09/16  ver 3.4  Verb mode for urls, etc.
)
(C:\Users\USUARIO\AppData\Local\Programs\MiKTeX\tex/latex/graphics\graphicx.sty
Package: graphicx 2021/09/16 v1.2d Enhanced LaTeX Graphics (DPC,SPQR)

(C:\Users\USUARIO\AppData\Local\Programs\MiKTeX\tex/latex/graphics\graphics.sty
Package: graphics 2022/03/10 v1.4e Standard LaTeX Graphics (DPC,SPQR)
(C:\Users\USUARIO\AppData\Local\Programs\MiKTeX\tex/latex/graphics\trig.sty
Package: trig 2021/08/11 v1.11 sin cos tan (DPC)
)
(C:\Users\USUARIO\AppData\Local\Programs\MiKTeX\tex/latex/graphics-cfg\graphics
.cfg
File: graphics.cfg 2016/06/04 v1.11 sample graphics configuration
)
Package graphics Info: Driver file: pdftex.def on input line 107.

(C:\Users\USUARIO\AppData\Local\Programs\MiKTeX\tex/latex/graphics-def\pdftex.d
ef
File: pdftex.def 2022/09/22 v1.2b Graphics/color driver for pdftex
))
\Gin@req@height=\dimen150
\Gin@req@width=\dimen151
)
(C:\Users\USUARIO\AppData\Local\Programs\MiKTeX\tex/latex/graphics\color.sty
Package: color 2022/01/06 v1.3d Standard LaTeX Color (DPC)

(C:\Users\USUARIO\AppData\Local\Programs\MiKTeX\tex/latex/graphics-cfg\color.cf
g
File: color.cfg 2016/01/02 v1.6 sample color configuration
)
Package color Info: Driver file: pdftex.def on input line 149.

(C:\Users\USUARIO\AppData\Local\Programs\MiKTeX\tex/latex/graphics\mathcolor.lt
x))
(C:\Users\USUARIO\AppData\Local\Programs\MiKTeX\tex/latex/caption\caption.sty
Package: caption 2023/08/05 v3.6o Customizing captions (AR)

(C:\Users\USUARIO\AppData\Local\Programs\MiKTeX\tex/latex/caption\caption3.sty
Package: caption3 2023/07/31 v2.4d caption3 kernel (AR)
\caption@tempdima=\dimen152
\captionmargin=\dimen153
\caption@leftmargin=\dimen154
\caption@rightmargin=\dimen155
\caption@width=\dimen156
\caption@indent=\dimen157
\caption@parindent=\dimen158
\caption@hangindent=\dimen159
Package caption Info: Standard document class detected.
)
\c@caption@flags=\count268
\c@continuedfloat=\count269
) (C:\Users\USUARIO\AppData\Local\Programs\MiKTeX\tex/latex/acronym\acronym.sty
Package: acronym 2024/03/30 v1.49 Support for acronyms (Tobias Oetiker)
(C:\Users\USUARIO\AppData\Local\Programs\MiKTeX\tex/latex/bigfoot\suffix.sty
Package: suffix 2006/07/15 1.5a Variant command support
)
(C:\Users\USUARIO\AppData\Local\Programs\MiKTeX\tex/latex/xstring\xstring.sty
(C:\Users\USUARIO\AppData\Local\Programs\MiKTeX\tex/generic/xstring\xstring.tex
\xs_counta=\count270
\xs_countb=\count271
)
Package: xstring 2023/08/22 v1.86 String manipulations (CT)
)
\AC@clearlist=\toks22
)
(C:\Users\USUARIO\AppData\Local\Programs\MiKTeX\tex/latex/hyphenat\hyphenat.sty
Package: hyphenat 2009/09/02 v2.3c hyphenation utilities
\langwohyphens=\language80
LaTeX Info: Redefining \_ on input line 43.
) (C:\Users\USUARIO\AppData\Local\Programs\MiKTeX\tex/latex/a4wide\a4wide.sty
Package: a4wide 1994/08/30

(C:\Users\USUARIO\AppData\Local\Programs\MiKTeX\tex/latex/ntgclass\a4.sty
Package: a4 2023/01/10 v1.2g A4 based page layout
))
(C:\Users\USUARIO\AppData\Local\Programs\MiKTeX\tex/latex/subfigure\subfigure.s
ty
Package: subfigure 2002/07/30 v2.1.4 subfigure package
\subfigtopskip=\skip50
\subfigcapskip=\skip51
\subfigcaptopadj=\dimen160
\subfigbottomskip=\skip52
\subfigcapmargin=\dimen161
\subfiglabelskip=\skip53
\c@subfigure=\count272
\c@lofdepth=\count273
\c@subtable=\count274
\c@lotdepth=\count275

****************************************
* Local config file subfigure.cfg used *
****************************************

(C:\Users\USUARIO\AppData\Local\Programs\MiKTeX\tex/latex/subfigure\subfigure.c
fg)
\subfig@top=\skip54
\subfig@bottom=\skip55
) (C:\Users\USUARIO\AppData\Local\Programs\MiKTeX\tex/latex/float\float.sty
Package: float 2001/11/08 v1.3d Float enhancements (AL)
\c@float@type=\count276
\float@exts=\toks23
\float@box=\box51
\@float@everytoks=\toks24
\@floatcapt=\box52
)
(C:\Users\USUARIO\AppData\Local\Programs\MiKTeX\tex/latex/titlesec\titlesec.sty
Package: titlesec 2023/10/27 v2.16 Sectioning titles
\ttl@box=\box53
\beforetitleunit=\skip56
\aftertitleunit=\skip57
\ttl@plus=\dimen162
\ttl@minus=\dimen163
\ttl@toksa=\toks25
\titlewidth=\dimen164
\titlewidthlast=\dimen165
\titlewidthfirst=\dimen166
)
(C:\Users\USUARIO\AppData\Local\Programs\MiKTeX\tex/latex/fncychap\fncychap.sty
Package: fncychap 2007/07/30 v1.34 LaTeX package (Revised chapters)
\RW=\skip58
\mylen=\skip59
\myhi=\skip60
\px=\skip61
\py=\skip62
\pyy=\skip63
\pxx=\skip64
) (C:/Users/USUARIO/Documents/2024-tfg-lara-poves/memoria\listings.sty
\lst@mode=\count277
\lst@gtempboxa=\box54
\lst@token=\toks26
\lst@length=\count278
\lst@currlwidth=\dimen167
\lst@column=\count279
\lst@pos=\count280
\lst@lostspace=\dimen168
\lst@width=\dimen169
\lst@newlines=\count281
\lst@lineno=\count282
\lst@maxwidth=\dimen170

(C:/Users/USUARIO/Documents/2024-tfg-lara-poves/memoria\lstmisc.sty
File: lstmisc.sty 2007/02/22 1.4 (Carsten Heinz)
\c@lstnumber=\count283
\lst@skipnumbers=\count284
\lst@framebox=\box55
)
(C:\Users\USUARIO\AppData\Local\Programs\MiKTeX\tex/latex/listings\listings.cfg
File: listings.cfg 2023/02/27 1.9 listings configuration
))
Package: listings 2007/02/22 1.4 (Carsten Heinz)

(C:\Users\USUARIO\AppData\Local\Programs\MiKTeX\tex/latex/eurosym\eurosym.sty
Package: eurosym 1998/08/06 v1.1 European currency symbol ``Euro''
\@eurobox=\box56
)
(C:\Users\USUARIO\AppData\Local\Programs\MiKTeX\tex/latex/hyperref\hyperref.sty
Package: hyperref 2023-11-26 v7.01g Hypertext links for LaTeX

(C:\Users\USUARIO\AppData\Local\Programs\MiKTeX\tex/generic/infwarerr\infwarerr
.sty
Package: infwarerr 2019/12/03 v1.5 Providing info/warning/error messages (HO)
)
(C:\Users\USUARIO\AppData\Local\Programs\MiKTeX\tex/latex/kvsetkeys\kvsetkeys.s
ty
Package: kvsetkeys 2022-10-05 v1.19 Key value parser (HO)
)
(C:\Users\USUARIO\AppData\Local\Programs\MiKTeX\tex/generic/kvdefinekeys\kvdefi
nekeys.sty
Package: kvdefinekeys 2019-12-19 v1.6 Define keys (HO)
)
(C:\Users\USUARIO\AppData\Local\Programs\MiKTeX\tex/generic/pdfescape\pdfescape
.sty
Package: pdfescape 2019/12/09 v1.15 Implements pdfTeX's escape features (HO)

(C:\Users\USUARIO\AppData\Local\Programs\MiKTeX\tex/generic/ltxcmds\ltxcmds.sty
Package: ltxcmds 2023-12-04 v1.26 LaTeX kernel commands for general use (HO)
)
(C:\Users\USUARIO\AppData\Local\Programs\MiKTeX\tex/generic/pdftexcmds\pdftexcm
ds.sty
Package: pdftexcmds 2020-06-27 v0.33 Utility functions of pdfTeX for LuaTeX (HO
)
Package pdftexcmds Info: \pdf@primitive is available.
Package pdftexcmds Info: \pdf@ifprimitive is available.
Package pdftexcmds Info: \pdfdraftmode found.
))
(C:\Users\USUARIO\AppData\Local\Programs\MiKTeX\tex/latex/hycolor\hycolor.sty
Package: hycolor 2020-01-27 v1.10 Color options for hyperref/bookmark (HO)
)
(C:\Users\USUARIO\AppData\Local\Programs\MiKTeX\tex/latex/letltxmacro\letltxmac
ro.sty
Package: letltxmacro 2019/12/03 v1.6 Let assignment for LaTeX macros (HO)
)
(C:\Users\USUARIO\AppData\Local\Programs\MiKTeX\tex/latex/auxhook\auxhook.sty
Package: auxhook 2019-12-17 v1.6 Hooks for auxiliary files (HO)
)
(C:\Users\USUARIO\AppData\Local\Programs\MiKTeX\tex/latex/hyperref\nameref.sty
Package: nameref 2023-11-26 v2.56 Cross-referencing by name of section

(C:\Users\USUARIO\AppData\Local\Programs\MiKTeX\tex/latex/refcount\refcount.sty
Package: refcount 2019/12/15 v3.6 Data extraction from label references (HO)
)
(C:\Users\USUARIO\AppData\Local\Programs\MiKTeX\tex/generic/gettitlestring\gett
itlestring.sty
Package: gettitlestring 2019/12/15 v1.6 Cleanup title references (HO)

(C:\Users\USUARIO\AppData\Local\Programs\MiKTeX\tex/latex/kvoptions\kvoptions.s
ty
Package: kvoptions 2022-06-15 v3.15 Key value format for package options (HO)
))
\c@section@level=\count285
)
(C:\Users\USUARIO\AppData\Local\Programs\MiKTeX\tex/latex/etoolbox\etoolbox.sty
Package: etoolbox 2020/10/05 v2.5k e-TeX tools for LaTeX (JAW)
\etb@tempcnta=\count286
)
\@linkdim=\dimen171
\Hy@linkcounter=\count287
\Hy@pagecounter=\count288
 (C:\Users\USUARIO\AppData\Local\Programs\MiKTeX\tex/latex/hyperref\pd1enc.def
File: pd1enc.def 2023-11-26 v7.01g Hyperref: PDFDocEncoding definition (HO)
Now handling font encoding PD1 ...
... no UTF-8 mapping file for font encoding PD1
)
(C:\Users\USUARIO\AppData\Local\Programs\MiKTeX\tex/generic/intcalc\intcalc.sty
Package: intcalc 2019/12/15 v1.3 Expandable calculations with integers (HO)
)
\Hy@SavedSpaceFactor=\count289
 (C:\Users\USUARIO\AppData\Local\Programs\MiKTeX\tex/latex/hyperref\puenc.def
File: puenc.def 2023-11-26 v7.01g Hyperref: PDF Unicode definition (HO)
Now handling font encoding PU ...
... no UTF-8 mapping file for font encoding PU
)
Package hyperref Info: Hyper figures OFF on input line 4181.
Package hyperref Info: Link nesting OFF on input line 4186.
Package hyperref Info: Hyper index ON on input line 4189.
Package hyperref Info: Plain pages OFF on input line 4196.
Package hyperref Info: Backreferencing OFF on input line 4201.
Package hyperref Info: Implicit mode ON; LaTeX internals redefined.
Package hyperref Info: Bookmarks ON on input line 4448.
\c@Hy@tempcnt=\count290
LaTeX Info: Redefining \url on input line 4786.
\XeTeXLinkMargin=\dimen172
(C:\Users\USUARIO\AppData\Local\Programs\MiKTeX\tex/generic/bitset\bitset.sty
Package: bitset 2019/12/09 v1.3 Handle bit-vector datatype (HO)

(C:\Users\USUARIO\AppData\Local\Programs\MiKTeX\tex/generic/bigintcalc\bigintca
lc.sty
Package: bigintcalc 2019/12/15 v1.5 Expandable calculations on big integers (HO
)
))
\Fld@menulength=\count291
\Field@Width=\dimen173
\Fld@charsize=\dimen174
Package hyperref Info: Hyper figures OFF on input line 6065.
Package hyperref Info: Link nesting OFF on input line 6070.
Package hyperref Info: Hyper index ON on input line 6073.
Package hyperref Info: backreferencing OFF on input line 6080.
Package hyperref Info: Link coloring OFF on input line 6085.
Package hyperref Info: Link coloring with OCG OFF on input line 6090.
Package hyperref Info: PDF/A mode OFF on input line 6095.

(C:\Users\USUARIO\AppData\Local\Programs\MiKTeX\tex/latex/base\atbegshi-ltx.sty
Package: atbegshi-ltx 2021/01/10 v1.0c Emulation of the original atbegshi
package with kernel methods
)
\Hy@abspage=\count292
\c@Item=\count293
\c@Hfootnote=\count294
)
Package hyperref Info: Driver (autodetected): hpdftex.

(C:\Users\USUARIO\AppData\Local\Programs\MiKTeX\tex/latex/hyperref\hpdftex.def
File: hpdftex.def 2023-11-26 v7.01g Hyperref driver for pdfTeX

(C:\Users\USUARIO\AppData\Local\Programs\MiKTeX\tex/latex/base\atveryend-ltx.st
y
Package: atveryend-ltx 2020/08/19 v1.0a Emulation of the original atveryend pac
kage
with kernel methods
)
\Fld@listcount=\count295
\c@bookmark@seq@number=\count296

(C:\Users\USUARIO\AppData\Local\Programs\MiKTeX\tex/latex/rerunfilecheck\rerunf
ilecheck.sty
Package: rerunfilecheck 2022-07-10 v1.10 Rerun checks for auxiliary files (HO)

(C:\Users\USUARIO\AppData\Local\Programs\MiKTeX\tex/generic/uniquecounter\uniqu
ecounter.sty
Package: uniquecounter 2019/12/15 v1.4 Provide unlimited unique counter (HO)
)
Package uniquecounter Info: New unique counter `rerunfilecheck' on input line 2
85.
)
\Hy@SectionHShift=\skip65
)
(C:\Users\USUARIO\AppData\Local\Programs\MiKTeX\tex/latex/xcolor\xcolor.sty
Package: xcolor 2023/11/15 v3.01 LaTeX color extensions (UK)

(C:\Users\USUARIO\AppData\Local\Programs\MiKTeX\tex/latex/graphics-cfg\color.cf
g
File: color.cfg 2016/01/02 v1.6 sample color configuration
)
Package xcolor Info: Driver file: pdftex.def on input line 274.
LaTeX Info: Redefining \color on input line 758.

(C:\Users\USUARIO\AppData\Local\Programs\MiKTeX\tex/latex/graphics\mathcolor.lt
x)
Package xcolor Info: Model `cmy' substituted by `cmy0' on input line 1350.
Package xcolor Info: Model `hsb' substituted by `rgb' on input line 1354.
Package xcolor Info: Model `RGB' extended on input line 1366.
Package xcolor Info: Model `HTML' substituted by `rgb' on input line 1368.
Package xcolor Info: Model `Hsb' substituted by `hsb' on input line 1369.
Package xcolor Info: Model `tHsb' substituted by `hsb' on input line 1370.
Package xcolor Info: Model `HSB' substituted by `hsb' on input line 1371.
Package xcolor Info: Model `Gray' substituted by `gray' on input line 1372.
Package xcolor Info: Model `wave' substituted by `hsb' on input line 1373.
)
(C:\Users\USUARIO\AppData\Local\Programs\MiKTeX\tex/latex/tools\tabularx.sty
Package: tabularx 2023/07/08 v2.11c `tabularx' package (DPC)

(C:\Users\USUARIO\AppData\Local\Programs\MiKTeX\tex/latex/tools\array.sty
Package: array 2023/10/16 v2.5g Tabular extension package (FMi)
\col@sep=\dimen175
\ar@mcellbox=\box57
\extrarowheight=\dimen176
\NC@list=\toks27
\extratabsurround=\skip66
\backup@length=\skip67
\ar@cellbox=\box58
)
\TX@col@width=\dimen177
\TX@old@table=\dimen178
\TX@old@col=\dimen179
\TX@target=\dimen180
\TX@delta=\dimen181
\TX@cols=\count297
\TX@ftn=\toks28
)
(C:\Users\USUARIO\AppData\Local\Programs\MiKTeX\tex/latex/breakurl\breakurl.sty
Package: breakurl 2013/04/10 v1.40 Breakable hyperref URLs
(C:\Users\USUARIO\AppData\Local\Programs\MiKTeX\tex/latex/xkeyval\xkeyval.sty
Package: xkeyval 2022/06/16 v2.9 package option processing (HA)

(C:\Users\USUARIO\AppData\Local\Programs\MiKTeX\tex/generic/xkeyval\xkeyval.tex

(C:\Users\USUARIO\AppData\Local\Programs\MiKTeX\tex/generic/xkeyval\xkvutils.te
x
\XKV@toks=\toks29
\XKV@tempa@toks=\toks30
)
\XKV@depth=\count298
File: xkeyval.tex 2014/12/03 v2.7a key=value parser (HA)
))
(C:\Users\USUARIO\AppData\Local\Programs\MiKTeX\tex/generic/iftex\ifpdf.sty
Package: ifpdf 2019/10/25 v3.4 ifpdf legacy package. Use iftex instead.
)

Package breakurl Warning: You are using breakurl while processing via pdflatex.

(breakurl)                \burl will be just a synonym of \url.
(breakurl)                 on input line 48.

) (C:\Users\USUARIO\AppData\Local\Programs\MiKTeX\tex/latex/tools\multicol.sty
Package: multicol 2023/03/30 v1.9f multicolumn formatting (FMi)
\c@tracingmulticols=\count299
\mult@box=\box59
\multicol@leftmargin=\dimen182
\c@unbalance=\count300
\c@collectmore=\count301
\doublecol@number=\count302
\multicoltolerance=\count303
\multicolpretolerance=\count304
\full@width=\dimen183
\page@free=\dimen184
\premulticols=\dimen185
\postmulticols=\dimen186
\multicolsep=\skip68
\multicolbaselineskip=\skip69
\partial@page=\box60
\last@line=\box61
\mc@boxedresult=\box62
\maxbalancingoverflow=\dimen187
\mult@rightbox=\box63
\mult@grightbox=\box64
\mult@firstbox=\box65
\mult@gfirstbox=\box66
\@tempa=\box67
\@tempa=\box68
\@tempa=\box69
\@tempa=\box70
\@tempa=\box71
\@tempa=\box72
\@tempa=\box73
\@tempa=\box74
\@tempa=\box75
\@tempa=\box76
\@tempa=\box77
\@tempa=\box78
\@tempa=\box79
\@tempa=\box80
\@tempa=\box81
\@tempa=\box82
\@tempa=\box83
\@tempa=\box84
\@tempa=\box85
\@tempa=\box86
\@tempa=\box87
\@tempa=\box88
\@tempa=\box89
\@tempa=\box90
\@tempa=\box91
\@tempa=\box92
\@tempa=\box93
\@tempa=\box94
\@tempa=\box95
\@tempa=\box96
\@tempa=\box97
\@tempa=\box98
\@tempa=\box99
\@tempa=\box100
\@tempa=\box101
\@tempa=\box102
\c@minrows=\count305
\c@columnbadness=\count306
\c@finalcolumnbadness=\count307
\last@try=\dimen188
\multicolovershoot=\dimen189
\multicolundershoot=\dimen190
\mult@nat@firstbox=\box103
\colbreak@box=\box104
\mc@col@check@num=\count308
) (C:\Users\USUARIO\AppData\Local\Programs\MiKTeX\tex/latex/amsmath\amsmath.sty
Package: amsmath 2023/05/13 v2.17o AMS math features
\@mathmargin=\skip70

For additional information on amsmath, use the `?' option.
(C:\Users\USUARIO\AppData\Local\Programs\MiKTeX\tex/latex/amsmath\amstext.sty
Package: amstext 2021/08/26 v2.01 AMS text

(C:\Users\USUARIO\AppData\Local\Programs\MiKTeX\tex/latex/amsmath\amsgen.sty
File: amsgen.sty 1999/11/30 v2.0 generic functions
\@emptytoks=\toks31
\ex@=\dimen191
))
(C:\Users\USUARIO\AppData\Local\Programs\MiKTeX\tex/latex/amsmath\amsbsy.sty
Package: amsbsy 1999/11/29 v1.2d Bold Symbols
\pmbraise@=\dimen192
)
(C:\Users\USUARIO\AppData\Local\Programs\MiKTeX\tex/latex/amsmath\amsopn.sty
Package: amsopn 2022/04/08 v2.04 operator names
)
\inf@bad=\count309
LaTeX Info: Redefining \frac on input line 234.
\uproot@=\count310
\leftroot@=\count311
LaTeX Info: Redefining \overline on input line 399.
LaTeX Info: Redefining \colon on input line 410.
\classnum@=\count312
\DOTSCASE@=\count313
LaTeX Info: Redefining \ldots on input line 496.
LaTeX Info: Redefining \dots on input line 499.
LaTeX Info: Redefining \cdots on input line 620.
\Mathstrutbox@=\box105
\strutbox@=\box106
LaTeX Info: Redefining \big on input line 722.
LaTeX Info: Redefining \Big on input line 723.
LaTeX Info: Redefining \bigg on input line 724.
LaTeX Info: Redefining \Bigg on input line 725.
\big@size=\dimen193
LaTeX Font Info:    Redeclaring font encoding OML on input line 743.
LaTeX Font Info:    Redeclaring font encoding OMS on input line 744.
\macc@depth=\count314
LaTeX Info: Redefining \bmod on input line 905.
LaTeX Info: Redefining \pmod on input line 910.
LaTeX Info: Redefining \smash on input line 940.
LaTeX Info: Redefining \relbar on input line 970.
LaTeX Info: Redefining \Relbar on input line 971.
\c@MaxMatrixCols=\count315
\dotsspace@=\muskip17
\c@parentequation=\count316
\dspbrk@lvl=\count317
\tag@help=\toks32
\row@=\count318
\column@=\count319
\maxfields@=\count320
\andhelp@=\toks33
\eqnshift@=\dimen194
\alignsep@=\dimen195
\tagshift@=\dimen196
\tagwidth@=\dimen197
\totwidth@=\dimen198
\lineht@=\dimen199
\@envbody=\toks34
\multlinegap=\skip71
\multlinetaggap=\skip72
\mathdisplay@stack=\toks35
LaTeX Info: Redefining \[ on input line 2953.
LaTeX Info: Redefining \] on input line 2954.
)
(C:\Users\USUARIO\AppData\Local\Programs\MiKTeX\tex/latex/parskip\parskip.sty
Package: parskip 2021-03-14 v2.0h non-zero parskip adjustments
)
(C:\Users\USUARIO\AppData\Local\Programs\MiKTeX\tex/latex/footmisc\footmisc.sty
Package: footmisc 2024/12/24 v6.0g a miscellany of footnote facilities
\FN@temptoken=\toks36
\footnotemargin=\dimen256
\@outputbox@depth=\dimen257
Package footmisc Info: Declaring symbol style bringhurst on input line 699.
Package footmisc Info: Declaring symbol style chicago on input line 707.
Package footmisc Info: Declaring symbol style wiley on input line 716.
Package footmisc Info: Declaring symbol style lamport-robust on input line 727.

Package footmisc Info: Declaring symbol style lamport* on input line 747.
Package footmisc Info: Declaring symbol style lamport*-robust on input line 768
.
)
(C:\Users\USUARIO\AppData\Local\Programs\MiKTeX\tex/latex/appendix\appendix.sty
Package: appendix 2020/02/08 v1.2c extra appendix facilities
\c@@pps=\count321
\c@@ppsavesec=\count322
\c@@ppsaveapp=\count323
) (C:\Users\USUARIO\AppData\Local\Programs\MiKTeX\tex/latex/natbib\natbib.sty
Package: natbib 2010/09/13 8.31b (PWD, AO)
\bibhang=\skip73
\bibsep=\skip74
LaTeX Info: Redefining \cite on input line 694.
\c@NAT@ctr=\count324
)
(C:\Users\USUARIO\AppData\Local\Programs\MiKTeX\tex/latex/listings\lstlang1.sty
File: lstlang1.sty 2023/02/27 1.9 listings language file
) (C:/Users/USUARIO/Documents/2024-tfg-lara-poves/memoria\lstmisc.sty
File: lstmisc.sty 2007/02/22 1.4 (Carsten Heinz)
)
(C:\Users\USUARIO\AppData\Local\Programs\MiKTeX\tex/latex/listings\lstlang1.sty
File: lstlang1.sty 2023/02/27 1.9 listings language file
)
(C:\Users\USUARIO\AppData\Local\Programs\MiKTeX\tex/latex/listings\lstlang1.sty
File: lstlang1.sty 2023/02/27 1.9 listings language file
)
Package caption Info: Option `declare type' requires the `newfloat' package on 
input line 150.

(C:\Users\USUARIO\AppData\Local\Programs\MiKTeX\tex/latex/newfloat\newfloat.sty
Package: newfloat 2023/10/01 v1.2 Defining new floating environments (AR)
Package newfloat Info: Unsupported document class, or \@chapter 
(newfloat)             was already redefined by another package.
Package newfloat Info: \@chapter = macro:->\def \Hy@next {\Hy@MakeCurrentHrefAu
to {\Hy@chapapp *}\Hy@raisedlink {\hyper@anchorstart {\@currentHref }\hyper@anc
horend }}\ifnum \c@secnumdepth >\m@ne \@ifundefined {if@mainmatter}\iftrue {\cs
name if@mainmatter\endcsname }\let \Hy@next \relax \fi \fi \Hy@next \Hy@org@cha
pter .
Package newfloat Info: \Hy@org@chapter = macro:[#1]#2->\NR@gettitle {#1}\NR@cha
pter [{#1}]{#2}.
Package newfloat Info: \algocf@original@chapter = undefined.
)
Package newfloat Info: New float `code' with options `' on input line 150.
\c@code=\count325
Package newfloat Info: float type `code'=4 on input line 150.
\c@locodedepth=\count326
Package newfloat Info: New float `myequation' with options `' on input line 151
.
\c@myequation=\count327
Package newfloat Info: float type `myequation'=8 on input line 151.
\c@lomyequationdepth=\count328
)
\@indexfile=\write3
\openout3 = `memoria.idx'.


Writing index file memoria.idx

(C:\Users\USUARIO\AppData\Local\Programs\MiKTeX\tex/latex/l3backend\l3backend-p
dftex.def
File: l3backend-pdftex.def 2024-01-04 L3 backend support: PDF output (pdfTeX)
\l__color_backend_stack_int=\count329
\l__pdf_internal_box=\box107
)
No file memoria.aux.
\openout1 = `memoria.aux'.

LaTeX Font Info:    Checking defaults for OML/cmm/m/it on input line 7.
LaTeX Font Info:    ... okay on input line 7.
LaTeX Font Info:    Checking defaults for OMS/cmsy/m/n on input line 7.
LaTeX Font Info:    ... okay on input line 7.
LaTeX Font Info:    Checking defaults for OT1/cmr/m/n on input line 7.
LaTeX Font Info:    ... okay on input line 7.
LaTeX Font Info:    Checking defaults for T1/cmr/m/n on input line 7.
LaTeX Font Info:    ... okay on input line 7.
LaTeX Font Info:    Checking defaults for TS1/cmr/m/n on input line 7.
LaTeX Font Info:    ... okay on input line 7.
LaTeX Font Info:    Checking defaults for OMX/cmex/m/n on input line 7.
LaTeX Font Info:    ... okay on input line 7.
LaTeX Font Info:    Checking defaults for U/cmr/m/n on input line 7.
LaTeX Font Info:    ... okay on input line 7.
LaTeX Font Info:    Checking defaults for PD1/pdf/m/n on input line 7.
LaTeX Font Info:    ... okay on input line 7.
LaTeX Font Info:    Checking defaults for PU/pdf/m/n on input line 7.
LaTeX Font Info:    ... okay on input line 7.
LaTeX Info: Redefining \. on input line 7.
LaTeX Info: Redefining \% on input line 7.
*geometry* driver: auto-detecting
*geometry* detected driver: pdftex
*geometry* verbose mode - [ preamble ] result:
* driver: pdftex
* paper: a4paper
* layout: <same size as paper>
* layoutoffset:(h,v)=(0.0pt,0.0pt)
* modes: 
* h-part:(L,W,R)=(71.13188pt, 455.24411pt, 71.13188pt)
* v-part:(T,H,B)=(71.13188pt, 717.00946pt, 56.9055pt)
* \paperwidth=597.50787pt
* \paperheight=845.04684pt
* \textwidth=455.24411pt
* \textheight=717.00946pt
* \oddsidemargin=-1.1381pt
* \evensidemargin=-1.1381pt
* \topmargin=-41.59085pt
* \headheight=12.0pt
* \headsep=28.45274pt
* \topskip=12.0pt
* \footskip=30.0pt
* \marginparwidth=54.2025pt
* \marginparsep=7.0pt
* \columnsep=10.0pt
* \skip\footins=10.8pt plus 4.0pt minus 2.0pt
* \hoffset=0.0pt
* \voffset=0.0pt
* \mag=1000
* \@twocolumnfalse
* \@twosidefalse
* \@mparswitchfalse
* \@reversemarginfalse
* (1in=72.27pt=25.4mm, 1cm=28.453pt)


(C:\Users\USUARIO\AppData\Local\Programs\MiKTeX\tex/context/base/mkii\supp-pdf.
mkii
[Loading MPS to PDF converter (version 2006.09.02).]
\scratchcounter=\count330
\scratchdimen=\dimen258
\scratchbox=\box108
\nofMPsegments=\count331
\nofMParguments=\count332
\everyMPshowfont=\toks37
\MPscratchCnt=\count333
\MPscratchDim=\dimen259
\MPnumerator=\count334
\makeMPintoPDFobject=\count335
\everyMPtoPDFconversion=\toks38
)
(C:\Users\USUARIO\AppData\Local\Programs\MiKTeX\tex/latex/epstopdf-pkg\epstopdf
-base.sty
Package: epstopdf-base 2020-01-24 v2.11 Base part for package epstopdf

(C:\Users\USUARIO\AppData\Local\Programs\MiKTeX\tex/latex/grfext\grfext.sty
Package: grfext 2019/12/03 v1.3 Manage graphics extensions (HO)
)
Package epstopdf-base Info: Redefining graphics rule for `.eps' on input line 4
85.
Package grfext Info: Graphics extension search list:
(grfext)             [.pdf,.png,.jpg,.mps,.jpeg,.jbig2,.jb2,.PDF,.PNG,.JPG,.JPE
G,.JBIG2,.JB2,.eps]
(grfext)             \AppendGraphicsExtensions on input line 504.

(C:\Users\USUARIO\AppData\Local\Programs\MiKTeX\tex/latex/00miktex\epstopdf-sys
.cfg
File: epstopdf-sys.cfg 2021/03/18 v2.0 Configuration of epstopdf for MiKTeX
))
Package caption Info: Begin \AtBeginDocument code.
Package caption Info: float package is loaded.
Package caption Info: hyperref package is loaded.
Package caption Info: listings package is loaded.
Package caption Info: subfigure package is loaded.
Package caption Info: End \AtBeginDocument code.
\c@lstlisting=\count336
Package hyperref Info: Link coloring OFF on input line 7.
\@outlinefile=\write4
\openout4 = `memoria.out'.


Couldn't patch \ttl@straight@ii
Couldn't patch \ttl@straight@ii
Package newfloat Info: Trying Plan B...
Package newfloat Info: `float' package detected.
(C:/Users/USUARIO/Documents/2024-tfg-lara-poves/memoria\portada/indice.tex
(C:/Users/USUARIO/Documents/2024-tfg-lara-poves/memoria\portada/portada.tex
<figs/logo_urjc.jpg, id=3, 525.965pt x 210.7875pt>
File: figs/logo_urjc.jpg Graphic file (type jpg)
<use figs/logo_urjc.jpg>
Package pdftex.def Info: figs/logo_urjc.jpg  used on input line 5.
(pdftex.def)             Requested size: 525.9637pt x 210.78699pt.

[1


{C:/Users/USUARIO/AppData/Local/MiKTeX/fonts/map/pdftex/pdftex.map} <C:/Users/U
SUARIO/Documents/2024-tfg-lara-poves/memoria/figs/logo_urjc.jpg>])
(C:/Users/USUARIO/Documents/2024-tfg-lara-poves/memoria\portada/licencia.tex
<figs/by-nc-sa.png, id=13, 97.0827pt x 33.9669pt>
File: figs/by-nc-sa.png Graphic file (type png)
<use figs/by-nc-sa.png>
Package pdftex.def Info: figs/by-nc-sa.png  used on input line 8.
(pdftex.def)             Requested size: 113.81102pt x 39.82144pt.
)
(C:/Users/USUARIO/Documents/2024-tfg-lara-poves/memoria\portada/agradecimientos
.tex [2


 <C:/Users/USUARIO/Documents/2024-tfg-lara-poves/memoria/figs/by-nc-sa.png>])
(C:/Users/USUARIO/Documents/2024-tfg-lara-poves/memoria\portada/resumen.tex
[3

]
Package acronym Info: Label `acro:IA' newly defined as it shall be overridden
although it is yet undefined on input line 5.


Package acronym Warning: Acronym `IA' is not defined on input line 5.


Package acronym Warning: Acronym `IA' is not defined on input line 5.


Package acronym Warning: Acronym `IA' is not defined on input line 5.

Package acronym Info: Label `acro:TFG' newly defined as it shall be overridden
although it is yet undefined on input line 7.

Package acronym Warning: Acronym `TFG' is not defined on input line 7.


Package acronym Warning: Acronym `TFG' is not defined on input line 7.


Package acronym Warning: Acronym `IA' is not defined on input line 7.

Package acronym Info: Label `acro:DRL' newly defined as it shall be overridden
although it is yet undefined on input line 7.

Package acronym Warning: Acronym `DRL' is not defined on input line 7.


Package acronym Warning: Acronym `DRL' is not defined on input line 7.


Package acronym Warning: Acronym `IA' is not defined on input line 9.


Package acronym Warning: Acronym `DRL' is not defined on input line 9.

) (C:/Users/USUARIO/Documents/2024-tfg-lara-poves/memoria\portada/acronimos.tex
[4


]

LaTeX Warning: Hyper reference `acro:ML' on page \es@scroman {v} undefined on i
nput line 7.


LaTeX Warning: Hyper reference `acro:ML' on page \es@scroman {v} undefined on i
nput line 7.


LaTeX Warning: Hyper reference `acro:DL' on page \es@scroman {v} undefined on i
nput line 8.


LaTeX Warning: Hyper reference `acro:DL' on page \es@scroman {v} undefined on i
nput line 8.


LaTeX Warning: Hyper reference `acro:DRL' on page \es@scroman {v} undefined on 
input line 9.


LaTeX Warning: Hyper reference `acro:DRL' on page \es@scroman {v} undefined on 
input line 9.


LaTeX Warning: Hyper reference `acro:IA' on page \es@scroman {v} undefined on i
nput line 10.


LaTeX Warning: Hyper reference `acro:IA' on page \es@scroman {v} undefined on i
nput line 10.


LaTeX Warning: Hyper reference `acro:DQN' on page \es@scroman {v} undefined on 
input line 11.


LaTeX Warning: Hyper reference `acro:DQN' on page \es@scroman {v} undefined on 
input line 11.


LaTeX Warning: Hyper reference `acro:PPO' on page \es@scroman {v} undefined on 
input line 12.


LaTeX Warning: Hyper reference `acro:PPO' on page \es@scroman {v} undefined on 
input line 12.


LaTeX Warning: Hyper reference `acro:TFG' on page \es@scroman {v} undefined on 
input line 13.


LaTeX Warning: Hyper reference `acro:TFG' on page \es@scroman {v} undefined on 
input line 13.


LaTeX Warning: Hyper reference `acro:ADAS' on page \es@scroman {v} undefined on
 input line 14.


LaTeX Warning: Hyper reference `acro:ADAS' on page \es@scroman {v} undefined on
 input line 14.


LaTeX Warning: Hyper reference `acro:SAE' on page \es@scroman {v} undefined on 
input line 15.


LaTeX Warning: Hyper reference `acro:SAE' on page \es@scroman {v} undefined on 
input line 15.


LaTeX Warning: Hyper reference `acro:LiDAR' on page \es@scroman {v} undefined o
n input line 16.


LaTeX Warning: Hyper reference `acro:LiDAR' on page \es@scroman {v} undefined o
n input line 16.


LaTeX Warning: Hyper reference `acro:GPS' on page \es@scroman {v} undefined on 
input line 17.


LaTeX Warning: Hyper reference `acro:GPS' on page \es@scroman {v} undefined on 
input line 17.


LaTeX Warning: Hyper reference `acro:PID' on page \es@scroman {v} undefined on 
input line 18.


LaTeX Warning: Hyper reference `acro:PID' on page \es@scroman {v} undefined on 
input line 18.


LaTeX Warning: Hyper reference `acro:DGT' on page \es@scroman {v} undefined on 
input line 19.


LaTeX Warning: Hyper reference `acro:DGT' on page \es@scroman {v} undefined on 
input line 19.


LaTeX Warning: Hyper reference `acro:V2V' on page \es@scroman {v} undefined on 
input line 20.


LaTeX Warning: Hyper reference `acro:V2V' on page \es@scroman {v} undefined on 
input line 20.


LaTeX Warning: Hyper reference `acro:YOLO' on page \es@scroman {v} undefined on
 input line 21.


LaTeX Warning: Hyper reference `acro:YOLO' on page \es@scroman {v} undefined on
 input line 21.


LaTeX Warning: Hyper reference `acro:CNN' on page \es@scroman {v} undefined on 
input line 22.


LaTeX Warning: Hyper reference `acro:CNN' on page \es@scroman {v} undefined on 
input line 22.


LaTeX Warning: Hyper reference `acro:RNN' on page \es@scroman {v} undefined on 
input line 23.


LaTeX Warning: Hyper reference `acro:RNN' on page \es@scroman {v} undefined on 
input line 23.


LaTeX Warning: Hyper reference `acro:PPO' on page \es@scroman {v} undefined on 
input line 24.


LaTeX Warning: Hyper reference `acro:PPO' on page \es@scroman {v} undefined on 
input line 24.


LaTeX Warning: Hyper reference `acro:TM' on page \es@scroman {v} undefined on i
nput line 25.


LaTeX Warning: Hyper reference `acro:TM' on page \es@scroman {v} undefined on i
nput line 25.


LaTeX Warning: Hyper reference `acro:SOTA' on page \es@scroman {v} undefined on
 input line 26.


LaTeX Warning: Hyper reference `acro:SOTA' on page \es@scroman {v} undefined on
 input line 26.


LaTeX Warning: Hyper reference `acro:SA' on page \es@scroman {v} undefined on i
nput line 27.


LaTeX Warning: Hyper reference `acro:SA' on page \es@scroman {v} undefined on i
nput line 27.

[5



pdfTeX warning (ext4): destination with the same identifier (name{PPO}) has bee
n already used, duplicate ignored
<argument> ...shipout:D \box_use:N \l_shipout_box 
                                                  \__shipout_drop_firstpage_...
l.28 ...{URJC}{\emph{Universidad Rey Juan Carlos}}
                                                  ]

LaTeX Warning: Hyper reference `acro:URJC' on page \es@scroman {vi} undefined o
n input line 28.


LaTeX Warning: Hyper reference `acro:URJC' on page \es@scroman {vi} undefined o
n input line 28.


LaTeX Warning: Hyper reference `acro:GPU' on page \es@scroman {vi} undefined on
 input line 29.


LaTeX Warning: Hyper reference `acro:GPU' on page \es@scroman {vi} undefined on
 input line 29.

)
LaTeX Info: Redefining \. on input line 11.
LaTeX Info: Redefining \% on input line 11.
 [6]
No file memoria.toc.
\tf@toc=\write5
\openout5 = `memoria.toc'.

[7


]
No file memoria.lof.
\tf@lof=\write6
\openout6 = `memoria.lof'.

[8

]
No file memoria.locode.
\tf@locode=\write7
\openout7 = `memoria.locode'.

[9

]
No file memoria.lomyequation.
\tf@lomyequation=\write8
\openout8 = `memoria.lomyequation'.

[10

]
No file memoria.lot.
\tf@lot=\write9
\openout9 = `memoria.lot'.

[11

])
(C:/Users/USUARIO/Documents/2024-tfg-lara-poves/memoria\capitulos/Introduccion.
tex
Cap\'{\i }tulo 1.
Package newfloat Info: Setting Plan B file extension to `lof'... on input line 
1.
Package acronym Info: Label `acro:V2V' newly defined as it shall be overridden
although it is yet undefined on input line 7.

Package acronym Warning: Acronym `V2V' is not defined on input line 7.


Package acronym Warning: Acronym `V2V' is not defined on input line 7.


Package acronym Warning: Acronym `IA' is not defined on input line 12.

[1



]
Package acronym Info: Label `acro:ADAS' newly defined as it shall be overridden

although it is yet undefined on input line 14.


Package acronym Warning: Acronym `ADAS' is not defined on input line 14.


Package acronym Warning: Acronym `ADAS' is not defined on input line 14.


Package acronym Warning: Acronym `ADAS' is not defined on input line 14.


Package natbib Warning: Citation `toyota-assist' on page 2 undefined on input l
ine 14.


Package acronym Warning: Acronym `ADAS' is not defined on input line 14.


Package acronym Warning: Acronym `ADAS' is not defined on input line 14.

Package acronym Info: Label `acro:SAE' newly defined as it shall be overridden
although it is yet undefined on input line 16.

Package acronym Warning: Acronym `SAE' is not defined on input line 16.


Package acronym Warning: Acronym `SAE' is not defined on input line 16.


Package natbib Warning: Citation `autobild-autonomous' on page 2 undefined on i
nput line 16.

LaTeX Info: Redefining \. on input line 18.
LaTeX Info: Redefining \% on input line 18.
[2]
<figs/introducción/niveles.png, id=124, 469.15276pt x 187.29974pt>
File: figs/introducción/niveles.png Graphic file (type png)
<use figs/introducción/niveles.png>
Package pdftex.def Info: figs/introducción/niveles.png  used on input line 22.

(pdftex.def)             Requested size: 369.88582pt x 147.6765pt.


Package acronym Warning: Acronym `SAE' is not defined on input line 24.


Package acronym Warning: Acronym `SAE' is not defined on input line 24.


Package natbib Warning: Citation `carwow-autonomous' on page 3 undefined on inp
ut line 39.

LaTeX Info: Redefining \. on input line 40.
LaTeX Info: Redefining \% on input line 40.
[3 <C:/Users/USUARIO/Documents/2024-tfg-lara-poves/memoria/figs/introducción/n
iveles.png>]
<figs/introducción/coche_geddes.png, id=130, 403.5075pt x 227.6505pt>
File: figs/introducción/coche_geddes.png Graphic file (type png)
<use figs/introducción/coche_geddes.png>
Package pdftex.def Info: figs/introducción/coche_geddes.png  used on input lin
e 50.
(pdftex.def)             Requested size: 227.62204pt x 128.4213pt.


Package acronym Warning: Acronym `IA' is not defined on input line 56.

<figs/introducción/paris_1994.png, id=131, 392.667pt x 260.172pt>
File: figs/introducción/paris_1994.png Graphic file (type png)
<use figs/introducción/paris_1994.png>
Package pdftex.def Info: figs/introducción/paris_1994.png  used on input line 
61.
(pdftex.def)             Requested size: 199.16928pt x 131.96739pt.
LaTeX Info: Redefining \. on input line 65.
LaTeX Info: Redefining \% on input line 65.
[4 <C:/Users/USUARIO/Documents/2024-tfg-lara-poves/memoria/figs/introducción/c
oche_geddes.png>]

Package natbib Warning: Citation `history-vehicles' on page 5 undefined on inpu
t line 67.


Package acronym Warning: Acronym `IA' is not defined on input line 71.


Package natbib Warning: Citation `ai-self-driving-cars' on page 5 undefined on 
input line 73.

Package acronym Info: Label `acro:LiDAR' newly defined as it shall be overridde
n
although it is yet undefined on input line 77.

Package acronym Warning: Acronym `LiDAR' is not defined on input line 77.


Package acronym Warning: Acronym `LiDAR' is not defined on input line 77.

LaTeX Info: Redefining \. on input line 78.
LaTeX Info: Redefining \% on input line 78.
[5 <C:/Users/USUARIO/Documents/2024-tfg-lara-poves/memoria/figs/introducción/p
aris_1994.png>]

Package acronym Warning: Acronym `IA' is not defined on input line 81.

<figs/introducción/waymo.png, id=151, 542.62724pt x 316.7835pt>
File: figs/introducción/waymo.png Graphic file (type png)
<use figs/introducción/waymo.png>
Package pdftex.def Info: figs/introducción/waymo.png  used on input line 87.
(pdftex.def)             Requested size: 227.62204pt x 132.8838pt.

Package natbib Warning: Citation `robotaxis-waymo' on page 6 undefined on input
 line 93.


Package natbib Warning: Citation `waymo-florida' on page 6 undefined on input l
ine 95.

LaTeX Info: Redefining \. on input line 96.
LaTeX Info: Redefining \% on input line 96.
[6 <C:/Users/USUARIO/Documents/2024-tfg-lara-poves/memoria/figs/introducción/w
aymo.png>]

Package acronym Warning: Acronym `IA' is not defined on input line 99.

LaTeX Info: Redefining \. on input line 103.
LaTeX Info: Redefining \% on input line 103.
[7]
<figs/introducción/tesla_model_y.png, id=165, 460.119pt x 258.36525pt>
File: figs/introducción/tesla_model_y.png Graphic file (type png)
<use figs/introducción/tesla_model_y.png>
Package pdftex.def Info: figs/introducción/tesla_model_y.png  used on input li
ne 107.
(pdftex.def)             Requested size: 227.62204pt x 127.8143pt.


Package natbib Warning: Citation `tesla-autopilot' on page 8 undefined on input
 line 113.


Package natbib Warning: Citation `tesla-limitations' on page 8 undefined on inp
ut line 115.


Package acronym Warning: Acronym `LiDAR' is not defined on input line 121.

Package acronym Info: Label `acro:RNN' newly defined as it shall be overridden
although it is yet undefined on input line 121.

Package acronym Warning: Acronym `RNN' is not defined on input line 121.


Package acronym Warning: Acronym `RNN' is not defined on input line 121.


Package natbib Warning: Citation `cruise' on page 8 undefined on input line 121
.

LaTeX Info: Redefining \. on input line 122.
LaTeX Info: Redefining \% on input line 122.
[8 <C:/Users/USUARIO/Documents/2024-tfg-lara-poves/memoria/figs/introducción/t
esla_model_y.png>]
<figs/introducción/cruise_av.png, id=174, 654.64575pt x 336.0555pt>
File: figs/introducción/cruise_av.png Graphic file (type png)
<use figs/introducción/cruise_av.png>
Package pdftex.def Info: figs/introducción/cruise_av.png  used on input line 1
25.
(pdftex.def)             Requested size: 256.0748pt x 131.45595pt.


Package natbib Warning: Citation `robotaxis-cruise' on page 9 undefined on inpu
t line 131.


Package acronym Warning: Acronym `LiDAR' is not defined on input line 135.


Package acronym Warning: Acronym `IA' is not defined on input line 135.


Package natbib Warning: Citation `baidu' on page 9 undefined on input line 135.


<figs/introducción/baidu.png, id=175, 468.5505pt x 269.808pt>
File: figs/introducción/baidu.png Graphic file (type png)
<use figs/introducción/baidu.png>
Package pdftex.def Info: figs/introducción/baidu.png  used on input line 139.
(pdftex.def)             Requested size: 227.62204pt x 131.0708pt.
LaTeX Info: Redefining \. on input line 149.
LaTeX Info: Redefining \% on input line 149.
[9 <C:/Users/USUARIO/Documents/2024-tfg-lara-poves/memoria/figs/introducción/c
ruise_av.png>]
Package acronym Info: Label `acro:DL' newly defined as it shall be overridden
although it is yet undefined on input line 152.


Package acronym Warning: Acronym `DL' is not defined on input line 152.


Package acronym Warning: Acronym `DL' is not defined on input line 152.

LaTeX Info: Redefining \. on input line 155.
LaTeX Info: Redefining \% on input line 155.
[10 <C:/Users/USUARIO/Documents/2024-tfg-lara-poves/memoria/figs/introducción/
baidu.png>]

Package natbib Warning: Citation `robotaxis-waymo' on page 11 undefined on inpu
t line 158.


Package natbib Warning: Citation `robotaxis-cruise' on page 11 undefined on inp
ut line 160.


Package natbib Warning: Citation `challenges-autonomous' on page 11 undefined o
n input line 162.


Package acronym Warning: Acronym `LiDAR' is not defined on input line 167.

Package acronym Info: Label `acro:GPS' newly defined as it shall be overridden
although it is yet undefined on input line 167.

Package acronym Warning: Acronym `GPS' is not defined on input line 167.


Package acronym Warning: Acronym `GPS' is not defined on input line 167.


Package acronym Warning: Acronym `IA' is not defined on input line 167.

LaTeX Info: Redefining \. on input line 168.
LaTeX Info: Redefining \% on input line 168.
[11]

Package acronym Warning: Acronym `IA' is not defined on input line 169.

Package acronym Info: Label `acro:ML' newly defined as it shall be overridden
although it is yet undefined on input line 169.

Package acronym Warning: Acronym `ML' is not defined on input line 169.


Package acronym Warning: Acronym `ML' is not defined on input line 169.


Package acronym Warning: Acronym `ML' is not defined on input line 169.

<figs/introducción/training_type.png, id=193, 771.88374pt x 446.66875pt>
File: figs/introducción/training_type.png Graphic file (type png)
<use figs/introducción/training_type.png>
Package pdftex.def Info: figs/introducción/training_type.png  used on input li
ne 173.
(pdftex.def)             Requested size: 227.62204pt x 131.71841pt.

Package acronym Warning: Acronym `ML' is not defined on input line 175.


Package acronym Warning: Acronym `ML' is not defined on input line 175.


Package natbib Warning: Citation `supervised-learning' on page 12 undefined on 
input line 181.

LaTeX Info: Redefining \. on input line 182.
LaTeX Info: Redefining \% on input line 182.
[12 <C:/Users/USUARIO/Documents/2024-tfg-lara-poves/memoria/figs/introducción/
training_type.png>]
Package acronym Info: Label `acro:YOLO' newly defined as it shall be overridden

although it is yet undefined on input line 183.


Package acronym Warning: Acronym `YOLO' is not defined on input line 183.


Package acronym Warning: Acronym `YOLO' is not defined on input line 183.

Package acronym Info: Label `acro:CNN' newly defined as it shall be overridden
although it is yet undefined on input line 183.

Package acronym Warning: Acronym `CNN' is not defined on input line 183.


Package acronym Warning: Acronym `CNN' is not defined on input line 183.


Package acronym Warning: Acronym `YOLO' is not defined on input line 183.


Package acronym Warning: Acronym `YOLO' is not defined on input line 183.


Package natbib Warning: Citation `yolo' on page 13 undefined on input line 183.



Package acronym Warning: Acronym `CNN' is not defined on input line 183.


Package natbib Warning: Citation `tesla-dataset' on page 13 undefined on input 
line 183.


Package natbib Warning: Citation `semi' on page 13 undefined on input line 187.



Package acronym Warning: Acronym `LiDAR' is not defined on input line 189.


Package acronym Warning: Acronym `LiDAR' is not defined on input line 189.


Package natbib Warning: Citation `semi-ex' on page 13 undefined on input line 1
89.

LaTeX Info: Redefining \. on input line 190.
LaTeX Info: Redefining \% on input line 190.
[13]

Package natbib Warning: Citation `no-supervised-learning' on page 14 undefined 
on input line 193.

<figs/introducción/RL.png, id=214, 253.54726pt x 124.0635pt>
File: figs/introducción/RL.png Graphic file (type png)
<use figs/introducción/RL.png>
Package pdftex.def Info: figs/introducción/RL.png  used on input line 201.
(pdftex.def)             Requested size: 199.16928pt x 97.4601pt.

Package natbib Warning: Citation `aws-deep-racer' on page 14 undefined on input
 line 207.

LaTeX Info: Redefining \. on input line 208.
LaTeX Info: Redefining \% on input line 208.
[14]

Package acronym Warning: Acronym `ML' is not defined on input line 209.


Package acronym Warning: Acronym `TFG' is not defined on input line 211.


Package acronym Warning: Acronym `DRL' is not defined on input line 211.


Package acronym Warning: Acronym `LiDAR' is not defined on input line 211.

)
(C:/Users/USUARIO/Documents/2024-tfg-lara-poves/memoria\capitulos/Objetivos.tex
LaTeX Info: Redefining \. on input line 1.
LaTeX Info: Redefining \% on input line 1.
[15 <C:/Users/USUARIO/Documents/2024-tfg-lara-poves/memoria/figs/introducción/
RL.png>]
Cap\'{\i }tulo 2.

Package acronym Warning: Acronym `TFG' is not defined on input line 4.


Package acronym Warning: Acronym `TFG' is not defined on input line 9.


Package acronym Warning: Acronym `DRL' is not defined on input line 9.


Package acronym Warning: Acronym `DL' is not defined on input line 9.


Package acronym Warning: Acronym `DRL' is not defined on input line 14.


Package acronym Warning: Acronym `DRL' is not defined on input line 16.

[16

]
Package acronym Info: Label `acro:DGT' newly defined as it shall be overridden
although it is yet undefined on input line 27.


Package acronym Warning: Acronym `DGT' is not defined on input line 27.


Package acronym Warning: Acronym `DGT' is not defined on input line 27.


Underfull \hbox (badness 10000) in paragraph at lines 27--27
[][][][]$\OT1/cmtt/m/n/10 https : / / www . dgt . es / export / sites / web -[]
 DGT / .galleries / downloads / conoce -[] el -[] estado -[] del -[]
 []


Underfull \hbox (badness 10000) in paragraph at lines 27--27
\OT1/cmtt/m/n/10 trafico / operaciones -[] especiales / 4 _ O. -[] E. -[] Prime
ro -[] de -[] Mayo -[] 2023 _ Consejos -[] y -[] normas -[] de -[]
 []


Package acronym Warning: Acronym `DRL' is not defined on input line 30.

LaTeX Info: Redefining \. on input line 40.
LaTeX Info: Redefining \% on input line 40.
[17]
<figs/objetivos/github.png, id=267, 165.61874pt x 104.7915pt>
File: figs/objetivos/github.png Graphic file (type png)
<use figs/objetivos/github.png>
Package pdftex.def Info: figs/objetivos/github.png  used on input line 47.
(pdftex.def)             Requested size: 199.16928pt x 126.02579pt.

Underfull \hbox (badness 1953) in paragraph at lines 63--64
\OT1/cmr/m/n/12 aut^^Sonoma en el simulador CARLA. El objetivo final ser^^S^^Pa
 lograr un
 []

LaTeX Info: Redefining \. on input line 65.
LaTeX Info: Redefining \% on input line 65.
[18 <C:/Users/USUARIO/Documents/2024-tfg-lara-poves/memoria/figs/objetivos/gith
ub.png>]

Package acronym Warning: Acronym `LiDAR' is not defined on input line 71.

Package acronym Info: Label `acro:PID' newly defined as it shall be overridden
although it is yet undefined on input line 73.

Package acronym Warning: Acronym `PID' is not defined on input line 73.


Package acronym Warning: Acronym `PID' is not defined on input line 73.

Package acronym Info: Label `acro:DQN' newly defined as it shall be overridden
although it is yet undefined on input line 74.

Package acronym Warning: Acronym `DQN' is not defined on input line 74.


Package acronym Warning: Acronym `DQN' is not defined on input line 74.

Package acronym Info: Label `acro:PPO' newly defined as it shall be overridden
although it is yet undefined on input line 74.

Package acronym Warning: Acronym `PPO' is not defined on input line 74.


Package acronym Warning: Acronym `PPO' is not defined on input line 74.


Package acronym Warning: Acronym `LiDAR' is not defined on input line 75.

)
(C:/Users/USUARIO/Documents/2024-tfg-lara-poves/memoria\capitulos/Plataforma_de
sarollo.tex
LaTeX Info: Redefining \. on input line 1.
LaTeX Info: Redefining \% on input line 1.
 [19]
Cap\'{\i }tulo 3.

Package acronym Warning: Acronym `TFG' is not defined on input line 13.

Package hyperref Info: bookmark level for unknown code defaults to 0 on input l
ine 39.

LaTeX Warning: `h' float specifier changed to `ht'.


Package acronym Warning: Acronym `LiDAR' is not defined on input line 43.

<figs/Plataformas_Desarollo/pygame.png, id=299, 513.71925pt x 271.0125pt>
File: figs/Plataformas_Desarollo/pygame.png Graphic file (type png)
<use figs/Plataformas_Desarollo/pygame.png>
Package pdftex.def Info: figs/Plataformas_Desarollo/pygame.png  used on input l
ine 47.
(pdftex.def)             Requested size: 256.0748pt x 135.09651pt.
[20

]

Package acronym Warning: Acronym `LiDAR' is not defined on input line 56.


LaTeX Warning: `h' float specifier changed to `ht'.

LaTeX Info: Redefining \. on input line 74.
LaTeX Info: Redefining \% on input line 74.
[21 <C:/Users/USUARIO/Documents/2024-tfg-lara-poves/memoria/figs/Plataformas_De
sarollo/pygame.png>]
<figs/Plataformas_Desarollo/plot.png, id=347, 462.528pt x 346.896pt>
File: figs/Plataformas_Desarollo/plot.png Graphic file (type png)
<use figs/Plataformas_Desarollo/plot.png>
Package pdftex.def Info: figs/Plataformas_Desarollo/plot.png  used on input lin
e 106.
(pdftex.def)             Requested size: 170.71652pt x 128.0372pt.


Package acronym Warning: Acronym `TFG' is not defined on input line 112.


Underfull \hbox (badness 1264) in paragraph at lines 112--113
\OT1/cmr/m/n/12 visualizaci^^Son de los datos recopilados durante la inferencia
 y a lo largo de los
 []


Underfull \hbox (badness 1147) in paragraph at lines 117--118
\OT1/cmr/m/n/12 proporciona herramientas para crear una amplia variedad de ento
rnos, dise~nados
 []

LaTeX Info: Redefining \. on input line 118.
LaTeX Info: Redefining \% on input line 118.
[22]
Underfull \hbox (badness 1005) in paragraph at lines 119--120
[]\OT1/cmr/m/n/12 En nuestro proyecto de conducci^^Son aut^^Sonoma, hemos utili
zado la biblioteca
 []


LaTeX Warning: `h' float specifier changed to `ht'.


LaTeX Warning: `h' float specifier changed to `ht'.

LaTeX Info: Redefining \. on input line 179.
LaTeX Info: Redefining \% on input line 179.
[23 <C:/Users/USUARIO/Documents/2024-tfg-lara-poves/memoria/figs/Plataformas_De
sarollo/plot.png>]
Underfull \hbox (badness 6236) in paragraph at lines 183--184
[]\OT1/cmr/m/n/12 Stable-Baselines3 [][][] es una biblioteca de Python que nos 
proporciona
 []

LaTeX Info: Redefining \. on input line 186.
LaTeX Info: Redefining \% on input line 186.
[24]

Package acronym Warning: Acronym `PPO' is not defined on input line 207.


Package acronym Warning: Acronym `PPO' is not defined on input line 207.


LaTeX Warning: `h' float specifier changed to `ht'.

LaTeX Info: Redefining \. on input line 213.
LaTeX Info: Redefining \% on input line 213.
[25]
(C:\Users\USUARIO\AppData\Local\Programs\MiKTeX\tex/latex/listings\lstlang1.sty
File: lstlang1.sty 2023/02/27 1.9 listings language file
)
(C:\Users\USUARIO\AppData\Local\Programs\MiKTeX\tex/latex/listings\lstlang1.sty
File: lstlang1.sty 2023/02/27 1.9 listings language file
)
LaTeX Font Info:    Trying to load font information for TS1+cmtt on input line 
219.
 (C:\Users\USUARIO\AppData\Local\Programs\MiKTeX\tex/latex/base\ts1cmtt.fd
File: ts1cmtt.fd 2023/04/13 v2.5m Standard LaTeX font definitions
)
<figs/Plataformas_Desarollo/TensorBoard.png, id=463, 595.62524pt x 461.3235pt>
File: figs/Plataformas_Desarollo/TensorBoard.png Graphic file (type png)
<use figs/Plataformas_Desarollo/TensorBoard.png>
Package pdftex.def Info: figs/Plataformas_Desarollo/TensorBoard.png  used on in
put line 228.
(pdftex.def)             Requested size: 199.16928pt x 154.25748pt.


Package acronym Warning: Acronym `TFG' is not defined on input line 240.

LaTeX Info: Redefining \. on input line 241.
LaTeX Info: Redefining \% on input line 241.
[26 <C:/Users/USUARIO/Documents/2024-tfg-lara-poves/memoria/figs/Plataformas_De
sarollo/TensorBoard.png>]
<figs/Plataformas_Desarollo/visual_code.png, id=495, 865.43324pt x 442.65375pt>

File: figs/Plataformas_Desarollo/visual_code.png Graphic file (type png)
<use figs/Plataformas_Desarollo/visual_code.png>
Package pdftex.def Info: figs/Plataformas_Desarollo/visual_code.png  used on in
put line 260.
(pdftex.def)             Requested size: 284.52756pt x 145.52907pt.


Package acronym Warning: Acronym `TFG' is not defined on input line 266.

LaTeX Info: Redefining \. on input line 267.
LaTeX Info: Redefining \% on input line 267.
[27 <C:/Users/USUARIO/Documents/2024-tfg-lara-poves/memoria/figs/Plataformas_De
sarollo/visual_code.png>]
Package acronym Info: Label `acro:SOTA' newly defined as it shall be overridden

although it is yet undefined on input line 271.


Package acronym Warning: Acronym `SOTA' is not defined on input line 271.


Package acronym Warning: Acronym `SOTA' is not defined on input line 271.


Package acronym Warning: Acronym `SOTA' is not defined on input line 271.


Package acronym Warning: Acronym `SOTA' is not defined on input line 273.


Underfull \hbox (badness 10000) in paragraph at lines 273--273
[][][][]$\OT1/cmtt/m/n/10 https : / / jacar . es / la -[] funcion -[] unidad -[
] rectificada -[] uniforme -[] relu -[] una -[] herramienta -[]
 []

<figs/Plataformas_Desarollo/time.png, id=520, 420.57124pt x 378.41376pt>
File: figs/Plataformas_Desarollo/time.png Graphic file (type png)
<use figs/Plataformas_Desarollo/time.png>
Package pdftex.def Info: figs/Plataformas_Desarollo/time.png  used on input lin
e 277.
(pdftex.def)             Requested size: 170.71652pt x 153.60318pt.
Package acronym Info: Label `acro:SA' newly defined as it shall be overridden
although it is yet undefined on input line 283.

Package acronym Warning: Acronym `SA' is not defined on input line 283.


Package acronym Warning: Acronym `SA' is not defined on input line 283.


Package natbib Warning: Citation `efficientvit' on page 28 undefined on input l
ine 283.


Package acronym Warning: Acronym `TFG' is not defined on input line 283.

LaTeX Info: Redefining \. on input line 291.
LaTeX Info: Redefining \% on input line 291.
[28]
<figs/Plataformas_Desarollo/carla.png, id=538, 516.7305pt x 171.64125pt>
File: figs/Plataformas_Desarollo/carla.png Graphic file (type png)
<use figs/Plataformas_Desarollo/carla.png>
Package pdftex.def Info: figs/Plataformas_Desarollo/carla.png  used on input li
ne 306.
(pdftex.def)             Requested size: 256.0748pt x 85.06088pt.
LaTeX Info: Redefining \. on input line 313.
LaTeX Info: Redefining \% on input line 313.
 [29 <C:/Users/USUARIO/Documents/2024-tfg-lara-poves/memoria/figs/Plataformas_D
esarollo/time.png>]
LaTeX Info: Redefining \. on input line 335.
LaTeX Info: Redefining \% on input line 335.
 [30 <C:/Users/USUARIO/Documents/2024-tfg-lara-poves/memoria/figs/Plataformas_D
esarollo/carla.png>]

Package acronym Warning: Acronym `TFG' is not defined on input line 352.

! TeX capacity exceeded, sorry [input stack size=10000].
\reserved@a ->\def \reserved@a 
                               *{\ttl@assign@i {\@tempskipb }}\reserved@a 
l.356 ...atest/ref_sensors/\#collision-detector}}}
                                                  
If you really absolutely need more capacity,
you can ask a wizard to enlarge me.

 
Here is how much of TeX's memory you used:
 18431 strings out of 474485
 294670 string characters out of 5742791
 1983542 words of memory out of 5000000
 40090 multiletter control sequences out of 15000+600000
 567009 words of font info for 68 fonts, out of 8000000 for 9000
 1147 hyphenation exceptions out of 8191
 10000i,8n,96p,1706b,1624s stack positions out of 10000i,1000n,20000p,200000b,200000s
!  ==> Fatal error occurred, no output PDF file produced!
